<?xml version="1.0" encoding="UTF-8"?>
<testng-results ignored="0" total="1" passed="1" failed="0" skipped="0">
  <reporter-output>
  </reporter-output>
  <suite started-at="2024-09-20T10:00:29 IST" name="Default suite" finished-at="2024-09-20T10:00:36 IST" duration-ms="7213">
    <groups>
    </groups>
    <test started-at="2024-09-20T10:00:29 IST" name="Default test" finished-at="2024-09-20T10:00:36 IST" duration-ms="7213">
      <class name="ChainCRM.New">
        <test-method is-config="true" signature="setUp()[pri:0, instance:ChainCRM.New@4c163e3]" started-at="2024-09-20T10:00:29 IST" name="setUp" finished-at="2024-09-20T10:00:31 IST" duration-ms="1499" status="PASS">
          <reporter-output>
          </reporter-output>
        </test-method> <!-- setUp -->
        <test-method signature="testContactCreate()[pri:0, instance:ChainCRM.New@4c163e3]" started-at="2024-09-20T10:00:31 IST" name="testContactCreate" finished-at="2024-09-20T10:00:36 IST" duration-ms="5676" status="PASS">
          <reporter-output>
          </reporter-output>
        </test-method> <!-- testContactCreate -->
      </class> <!-- ChainCRM.New -->
    </test> <!-- Default test -->
  </suite> <!-- Default suite -->
</testng-results>
